# JRE version: Java(TM) SE Runtime Environment (7.0_40-b43) (build 1.7.0_40-b43)
# Java VM: Java HotSpot(TM) 64-Bit Server VM (24.0-b56 mixed mode windows-amd64 compressed oops)
Heap
 PSYoungGen      total 465408K, used 7K [0x00000007ce000000, 0x00000007f4d80000, 0x0000000800000000)
  eden space 464896K, 0% used [0x00000007ce000000,0x00000007ce001ce8,0x00000007ea600000)
  from space 512K, 0% used [0x00000007ea600000,0x00000007ea600000,0x00000007ea680000)
  to   space 84992K, 0% used [0x00000007efa80000,0x00000007efa80000,0x00000007f4d80000)
 ParOldGen       total 1638400K, used 215171K [0x000000076a000000, 0x00000007ce000000, 0x00000007ce000000)
  object space 1638400K, 13% used [0x000000076a000000,0x0000000777220d08,0x00000007ce000000)
 PSPermGen       total 83968K, used 83967K [0x0000000764e00000, 0x000000076a000000, 0x000000076a000000)
  object space 83968K, 99% used [0x0000000764e00000,0x0000000769ffff40,0x000000076a000000)
GC Heap History (10 events):
Event: 3203.948 GC heap before
{Heap before GC invocations=41 (full 12):
 PSYoungGen      total 464384K, used 64K [0x00000007ce000000, 0x00000007f5a00000, 0x0000000800000000)
  eden space 463872K, 0% used [0x00000007ce000000,0x00000007ce000000,0x00000007ea500000)
  from space 512K, 12% used [0x00000007ea500000,0x00000007ea510000,0x00000007ea580000)
  to   space 92160K, 0% used [0x00000007f0000000,0x00000007f0000000,0x00000007f5a00000)
 ParOldGen       total 1134080K, used 215170K [0x000000076a000000, 0x00000007af380000, 0x00000007ce000000)
  object space 1134080K, 18% used [0x000000076a000000,0x0000000777220a60,0x00000007af380000)
 PSPermGen       total 83968K, used 83967K [0x0000000764e00000, 0x000000076a000000, 0x000000076a000000)
  object space 83968K, 99% used [0x0000000764e00000,0x0000000769ffffe0,0x000000076a000000)
Event: 3204.288 GC heap after
Heap after GC invocations=41 (full 12):
 PSYoungGen      total 464384K, used 0K [0x00000007ce000000, 0x00000007f5a00000, 0x0000000800000000)
  eden space 463872K, 0% used [0x00000007ce000000,0x00000007ce000000,0x00000007ea500000)
  from space 512K, 0% used [0x00000007ea500000,0x00000007ea500000,0x00000007ea580000)
  to   space 92160K, 0% used [0x00000007f0000000,0x00000007f0000000,0x00000007f5a00000)
 ParOldGen       total 1327616K, used 215172K [0x000000076a000000, 0x00000007bb080000, 0x00000007ce000000)
  object space 1327616K, 16% used [0x000000076a000000,0x0000000777221280,0x00000007bb080000)
 PSPermGen       total 83968K, used 83966K [0x0000000764e00000, 0x000000076a000000, 0x000000076a000000)
  object space 83968K, 99% used [0x0000000764e00000,0x0000000769fff840,0x000000076a000000)
}
Event: 3204.288 GC heap before
{Heap before GC invocations=42 (full 12):
 PSYoungGen      total 464384K, used 389K [0x00000007ce000000, 0x00000007f5a00000, 0x0000000800000000)
  eden space 463872K, 0% used [0x00000007ce000000,0x00000007ce061648,0x00000007ea500000)
  from space 512K, 0% used [0x00000007ea500000,0x00000007ea500000,0x00000007ea580000)
  to   space 92160K, 0% used [0x00000007f0000000,0x00000007f0000000,0x00000007f5a00000)
 ParOldGen       total 1327616K, used 215172K [0x000000076a000000, 0x00000007bb080000, 0x00000007ce000000)
  object space 1327616K, 16% used [0x000000076a000000,0x0000000777221280,0x00000007bb080000)
 PSPermGen       total 83968K, used 83967K [0x0000000764e00000, 0x000000076a000000, 0x000000076a000000)
  object space 83968K, 99% used [0x0000000764e00000,0x0000000769ffff40,0x000000076a000000)
Event: 3204.290 GC heap after
Heap after GC invocations=42 (full 12):
 PSYoungGen      total 549888K, used 0K [0x00000007ce000000, 0x00000007f5300000, 0x0000000800000000)
  eden space 464896K, 0% used [0x00000007ce000000,0x00000007ce000000,0x00000007ea600000)
  from space 84992K, 0% used [0x00000007f0000000,0x00000007f0000000,0x00000007f5300000)
  to   space 88576K, 0% used [0x00000007ea600000,0x00000007ea600000,0x00000007efc80000)
 ParOldGen       total 1327616K, used 215172K [0x000000076a000000, 0x00000007bb080000, 0x00000007ce000000)
  object space 1327616K, 16% used [0x000000076a000000,0x0000000777221280,0x00000007bb080000)
 PSPermGen       total 83968K, used 83967K [0x0000000764e00000, 0x000000076a000000, 0x000000076a000000)
  object space 83968K, 99% used [0x0000000764e00000,0x0000000769ffff40,0x000000076a000000)
}
Event: 3204.290 GC heap before
{Heap before GC invocations=43 (full 13):
 PSYoungGen      total 549888K, used 0K [0x00000007ce000000, 0x00000007f5300000, 0x0000000800000000)
  eden space 464896K, 0% used [0x00000007ce000000,0x00000007ce000000,0x00000007ea600000)
  from space 84992K, 0% used [0x00000007f0000000,0x00000007f0000000,0x00000007f5300000)
  to   space 88576K, 0% used [0x00000007ea600000,0x00000007ea600000,0x00000007efc80000)
 ParOldGen       total 1327616K, used 215172K [0x000000076a000000, 0x00000007bb080000, 0x00000007ce000000)
  object space 1327616K, 16% used [0x000000076a000000,0x0000000777221280,0x00000007bb080000)
 PSPermGen       total 83968K, used 83967K [0x0000000764e00000, 0x000000076a000000, 0x000000076a000000)
  object space 83968K, 99% used [0x0000000764e00000,0x0000000769ffff40,0x000000076a000000)
Event: 3204.525 GC heap after
Heap after GC invocations=43 (full 13):
 PSYoungGen      total 549888K, used 0K [0x00000007ce000000, 0x00000007f5300000, 0x0000000800000000)
  eden space 464896K, 0% used [0x00000007ce000000,0x00000007ce000000,0x00000007ea600000)
  from space 84992K, 0% used [0x00000007f0000000,0x00000007f0000000,0x00000007f5300000)
  to   space 88576K, 0% used [0x00000007ea600000,0x00000007ea600000,0x00000007efc80000)
 ParOldGen       total 1552896K, used 215171K [0x000000076a000000, 0x00000007c8c80000, 0x00000007ce000000)
  object space 1552896K, 13% used [0x000000076a000000,0x0000000777220d08,0x00000007c8c80000)
 PSPermGen       total 83968K, used 83967K [0x0000000764e00000, 0x000000076a000000, 0x000000076a000000)
  object space 83968K, 99% used [0x0000000764e00000,0x0000000769ffff40,0x000000076a000000)
}
Event: 3204.525 GC heap before
{Heap before GC invocations=44 (full 13):
 PSYoungGen      total 549888K, used 0K [0x00000007ce000000, 0x00000007f5300000, 0x0000000800000000)
  eden space 464896K, 0% used [0x00000007ce000000,0x00000007ce000000,0x00000007ea600000)
  from space 84992K, 0% used [0x00000007f0000000,0x00000007f0000000,0x00000007f5300000)
  to   space 88576K, 0% used [0x00000007ea600000,0x00000007ea600000,0x00000007efc80000)
 ParOldGen       total 1552896K, used 215171K [0x000000076a000000, 0x00000007c8c80000, 0x00000007ce000000)
  object space 1552896K, 13% used [0x000000076a000000,0x0000000777220d08,0x00000007c8c80000)
 PSPermGen       total 83968K, used 83967K [0x0000000764e00000, 0x000000076a000000, 0x000000076a000000)
  object space 83968K, 99% used [0x0000000764e00000,0x0000000769ffff40,0x000000076a000000)
Event: 3204.528 GC heap after
Heap after GC invocations=44 (full 13):
 PSYoungGen      total 465408K, used 0K [0x00000007ce000000, 0x00000007f4d80000, 0x0000000800000000)
  eden space 464896K, 0% used [0x00000007ce000000,0x00000007ce000000,0x00000007ea600000)
  from space 512K, 0% used [0x00000007ea600000,0x00000007ea600000,0x00000007ea680000)
  to   space 84992K, 0% used [0x00000007efa80000,0x00000007efa80000,0x00000007f4d80000)
 ParOldGen       total 1552896K, used 215171K [0x000000076a000000, 0x00000007c8c80000, 0x00000007ce000000)
  object space 1552896K, 13% used [0x000000076a000000,0x0000000777220d08,0x00000007c8c80000)
 PSPermGen       total 83968K, used 83967K [0x0000000764e00000, 0x000000076a000000, 0x000000076a000000)
  object space 83968K, 99% used [0x0000000764e00000,0x0000000769ffff40,0x000000076a000000)
}
Event: 3204.528 GC heap before
{Heap before GC invocations=45 (full 14):
 PSYoungGen      total 465408K, used 0K [0x00000007ce000000, 0x00000007f4d80000, 0x0000000800000000)
  eden space 464896K, 0% used [0x00000007ce000000,0x00000007ce000000,0x00000007ea600000)
  from space 512K, 0% used [0x00000007ea600000,0x00000007ea600000,0x00000007ea680000)
  to   space 84992K, 0% used [0x00000007efa80000,0x00000007efa80000,0x00000007f4d80000)
 ParOldGen       total 1552896K, used 215171K [0x000000076a000000, 0x00000007c8c80000, 0x00000007ce000000)
  object space 1552896K, 13% used [0x000000076a000000,0x0000000777220d08,0x00000007c8c80000)
 PSPermGen       total 83968K, used 83967K [0x0000000764e00000, 0x000000076a000000, 0x000000076a000000)
  object space 83968K, 99% used [0x0000000764e00000,0x0000000769ffff40,0x000000076a000000)
Event: 3204.763 GC heap after
Heap after GC invocations=45 (full 14):
 PSYoungGen      total 465408K, used 0K [0x00000007ce000000, 0x00000007f4d80000, 0x0000000800000000)
  eden space 464896K, 0% used [0x00000007ce000000,0x00000007ce000000,0x00000007ea600000)
  from space 512K, 0% used [0x00000007ea600000,0x00000007ea600000,0x00000007ea680000)
  to   space 84992K, 0% used [0x00000007efa80000,0x00000007efa80000,0x00000007f4d80000)
 ParOldGen       total 1638400K, used 215171K [0x000000076a000000, 0x00000007ce000000, 0x00000007ce000000)
  object space 1638400K, 13% used [0x000000076a000000,0x0000000777220d08,0x00000007ce000000)
 PSPermGen       total 83968K, used 83967K [0x0000000764e00000, 0x000000076a000000, 0x000000076a000000)
  object space 83968K, 99% used [0x0000000764e00000,0x0000000769ffff40,0x000000076a000000)
}

